# JRE version: Java(TM) SE Runtime Environment (8.0_101-b13) (build 1.8.0_101-b13)
# Java VM: Java HotSpot(TM) 64-Bit Server VM (25.101-b13 mixed mode windows-amd64 compressed oops)
Heap:
 PSYoungGen      total 151552K, used 82948K [0x00000000f5580000, 0x0000000100000000, 0x0000000100000000)
  eden space 129536K, 53% used [0x00000000f5580000,0x00000000f990c870,0x00000000fd400000)
  from space 22016K, 62% used [0x00000000fe980000,0x00000000ff6f4838,0x00000000fff00000)
  to   space 22016K, 0% used [0x00000000fd400000,0x00000000fd400000,0x00000000fe980000)
 ParOldGen       total 175104K, used 86744K [0x00000000e0000000, 0x00000000eab00000, 0x00000000f5580000)
  object space 175104K, 49% used [0x00000000e0000000,0x00000000e54b60d0,0x00000000eab00000)
 Metaspace       used 86279K, capacity 91326K, committed 91520K, reserved 1128448K
  class space    used 11275K, capacity 12342K, committed 12416K, reserved 1048576K
GC Heap History (10 events):
Event: 654.340 GC heap before
{Heap before GC invocations=29 (full 5):
 PSYoungGen      total 98816K, used 98383K [0x00000000f5580000, 0x00000000fdf80000, 0x0000000100000000)
  eden space 88576K, 100% used [0x00000000f5580000,0x00000000fac00000,0x00000000fac00000)
  from space 10240K, 95% used [0x00000000fb680000,0x00000000fc013d88,0x00000000fc080000)
  to   space 24064K, 0% used [0x00000000fc800000,0x00000000fc800000,0x00000000fdf80000)
 ParOldGen       total 175104K, used 80553K [0x00000000e0000000, 0x00000000eab00000, 0x00000000f5580000)
  object space 175104K, 46% used [0x00000000e0000000,0x00000000e4eaa6a0,0x00000000eab00000)
 Metaspace       used 84318K, capacity 89178K, committed 89344K, reserved 1126400K
  class space    used 11175K, capacity 12236K, committed 12288K, reserved 1048576K
Event: 654.377 GC heap after
Heap after GC invocations=29 (full 5):
 PSYoungGen      total 117760K, used 8610K [0x00000000f5580000, 0x00000000fee80000, 0x0000000100000000)
  eden space 93696K, 0% used [0x00000000f5580000,0x00000000f5580000,0x00000000fb100000)
  from space 24064K, 35% used [0x00000000fc800000,0x00000000fd068a60,0x00000000fdf80000)
  to   space 23552K, 0% used [0x00000000fb100000,0x00000000fb100000,0x00000000fc800000)
 ParOldGen       total 175104K, used 84068K [0x00000000e0000000, 0x00000000eab00000, 0x00000000f5580000)
  object space 175104K, 48% used [0x00000000e0000000,0x00000000e52191f0,0x00000000eab00000)
 Metaspace       used 84318K, capacity 89178K, committed 89344K, reserved 1126400K
  class space    used 11175K, capacity 12236K, committed 12288K, reserved 1048576K
}
Event: 657.853 GC heap before
{Heap before GC invocations=30 (full 5):
 PSYoungGen      total 117760K, used 102306K [0x00000000f5580000, 0x00000000fee80000, 0x0000000100000000)
  eden space 93696K, 100% used [0x00000000f5580000,0x00000000fb100000,0x00000000fb100000)
  from space 24064K, 35% used [0x00000000fc800000,0x00000000fd068a60,0x00000000fdf80000)
  to   space 23552K, 0% used [0x00000000fb100000,0x00000000fb100000,0x00000000fc800000)
 ParOldGen       total 175104K, used 84068K [0x00000000e0000000, 0x00000000eab00000, 0x00000000f5580000)
  object space 175104K, 48% used [0x00000000e0000000,0x00000000e52191f0,0x00000000eab00000)
 Metaspace       used 84690K, capacity 89690K, committed 89856K, reserved 1126400K
  class space    used 11181K, capacity 12246K, committed 12288K, reserved 1048576K
Event: 657.885 GC heap after
Heap after GC invocations=30 (full 5):
 PSYoungGen      total 117248K, used 6661K [0x00000000f5580000, 0x00000000ff500000, 0x0000000100000000)
  eden space 93696K, 0% used [0x00000000f5580000,0x00000000f5580000,0x00000000fb100000)
  from space 23552K, 28% used [0x00000000fb100000,0x00000000fb781770,0x00000000fc800000)
  to   space 23040K, 0% used [0x00000000fde80000,0x00000000fde80000,0x00000000ff500000)
 ParOldGen       total 175104K, used 84944K [0x00000000e0000000, 0x00000000eab00000, 0x00000000f5580000)
  object space 175104K, 48% used [0x00000000e0000000,0x00000000e52f4260,0x00000000eab00000)
 Metaspace       used 84690K, capacity 89690K, committed 89856K, reserved 1126400K
  class space    used 11181K, capacity 12246K, committed 12288K, reserved 1048576K
}
Event: 661.241 GC heap before
{Heap before GC invocations=31 (full 5):
 PSYoungGen      total 117248K, used 100357K [0x00000000f5580000, 0x00000000ff500000, 0x0000000100000000)
  eden space 93696K, 100% used [0x00000000f5580000,0x00000000fb100000,0x00000000fb100000)
  from space 23552K, 28% used [0x00000000fb100000,0x00000000fb781770,0x00000000fc800000)
  to   space 23040K, 0% used [0x00000000fde80000,0x00000000fde80000,0x00000000ff500000)
 ParOldGen       total 175104K, used 84944K [0x00000000e0000000, 0x00000000eab00000, 0x00000000f5580000)
  object space 175104K, 48% used [0x00000000e0000000,0x00000000e52f4260,0x00000000eab00000)
 Metaspace       used 84897K, capacity 89854K, committed 90112K, reserved 1126400K
  class space    used 11188K, capacity 12258K, committed 12288K, reserved 1048576K
Event: 661.293 GC heap after
Heap after GC invocations=31 (full 5):
 PSYoungGen      total 141312K, used 9961K [0x00000000f5580000, 0x00000000ff500000, 0x0000000100000000)
  eden space 118272K, 0% used [0x00000000f5580000,0x00000000f5580000,0x00000000fc900000)
  from space 23040K, 43% used [0x00000000fde80000,0x00000000fe83a570,0x00000000ff500000)
  to   space 22016K, 0% used [0x00000000fc900000,0x00000000fc900000,0x00000000fde80000)
 ParOldGen       total 175104K, used 85616K [0x00000000e0000000, 0x00000000eab00000, 0x00000000f5580000)
  object space 175104K, 48% used [0x00000000e0000000,0x00000000e539c2c0,0x00000000eab00000)
 Metaspace       used 84897K, capacity 89854K, committed 90112K, reserved 1126400K
  class space    used 11188K, capacity 12258K, committed 12288K, reserved 1048576K
}
Event: 665.604 GC heap before
{Heap before GC invocations=32 (full 5):
 PSYoungGen      total 141312K, used 128233K [0x00000000f5580000, 0x00000000ff500000, 0x0000000100000000)
  eden space 118272K, 100% used [0x00000000f5580000,0x00000000fc900000,0x00000000fc900000)
  from space 23040K, 43% used [0x00000000fde80000,0x00000000fe83a570,0x00000000ff500000)
  to   space 22016K, 0% used [0x00000000fc900000,0x00000000fc900000,0x00000000fde80000)
 ParOldGen       total 175104K, used 85616K [0x00000000e0000000, 0x00000000eab00000, 0x00000000f5580000)
  object space 175104K, 48% used [0x00000000e0000000,0x00000000e539c2c0,0x00000000eab00000)
 Metaspace       used 85226K, capacity 90238K, committed 90368K, reserved 1128448K
  class space    used 11189K, capacity 12258K, committed 12288K, reserved 1048576K
Event: 665.675 GC heap after
Heap after GC invocations=32 (full 5):
 PSYoungGen      total 140288K, used 6423K [0x00000000f5580000, 0x00000000fff00000, 0x0000000100000000)
  eden space 118272K, 0% used [0x00000000f5580000,0x00000000f5580000,0x00000000fc900000)
  from space 22016K, 29% used [0x00000000fc900000,0x00000000fcf45f08,0x00000000fde80000)
  to   space 22016K, 0% used [0x00000000fe980000,0x00000000fe980000,0x00000000fff00000)
 ParOldGen       total 175104K, used 86401K [0x00000000e0000000, 0x00000000eab00000, 0x00000000f5580000)
  object space 175104K, 49% used [0x00000000e0000000,0x00000000e5460678,0x00000000eab00000)
 Metaspace       used 85226K, capacity 90238K, committed 90368K, reserved 1128448K
  class space    used 11189K, capacity 12258K, committed 12288K, reserved 1048576K
}
Event: 669.967 GC heap before
{Heap before GC invocations=33 (full 5):
 PSYoungGen      total 140288K, used 124695K [0x00000000f5580000, 0x00000000fff00000, 0x0000000100000000)
  eden space 118272K, 100% used [0x00000000f5580000,0x00000000fc900000,0x00000000fc900000)
  from space 22016K, 29% used [0x00000000fc900000,0x00000000fcf45f08,0x00000000fde80000)
  to   space 22016K, 0% used [0x00000000fe980000,0x00000000fe980000,0x00000000fff00000)
 ParOldGen       total 175104K, used 86401K [0x00000000e0000000, 0x00000000eab00000, 0x00000000f5580000)
  object space 175104K, 49% used [0x00000000e0000000,0x00000000e5460678,0x00000000eab00000)
 Metaspace       used 85443K, capacity 90482K, committed 90624K, reserved 1128448K
  class space    used 11206K, capacity 12276K, committed 12288K, reserved 1048576K
Event: 670.027 GC heap after
Heap after GC invocations=33 (full 5):
 PSYoungGen      total 151552K, used 13778K [0x00000000f5580000, 0x0000000100000000, 0x0000000100000000)
  eden space 129536K, 0% used [0x00000000f5580000,0x00000000f5580000,0x00000000fd400000)
  from space 22016K, 62% used [0x00000000fe980000,0x00000000ff6f4838,0x00000000fff00000)
  to   space 22016K, 0% used [0x00000000fd400000,0x00000000fd400000,0x00000000fe980000)
 ParOldGen       total 175104K, used 86744K [0x00000000e0000000, 0x00000000eab00000, 0x00000000f5580000)
  object space 175104K, 49% used [0x00000000e0000000,0x00000000e54b60d0,0x00000000eab00000)
 Metaspace       used 85443K, capacity 90482K, committed 90624K, reserved 1128448K
  class space    used 11206K, capacity 12276K, committed 12288K, reserved 1048576K
}

